<?xml version="1.0" encoding="UTF-8"?>
<testsuite xmlns:xsi="http://www.w3.org/2001/XMLSchema-instance" xsi:noNamespaceSchemaLocation="https://maven.apache.org/surefire/maven-surefire-plugin/xsd/surefire-test-report.xsd" name="co.unicauca.openmarket.domain.service.CategoryServiceTest" time="0.081" tests="9" errors="0" skipped="0" failures="0">
  <properties>
[...]
</properties>
  <testcase name="testDeleteCategoryNotFound" classname="co.unicauca.openmarket.domain.service.CategoryServiceTest" time="0.046"/>
  <testcase name="testEditCategory" classname="co.unicauca.openmarket.domain.service.CategoryServiceTest" time="0.001"/>
  <testcase name="testFindCategoryById" classname="co.unicauca.openmarket.domain.service.CategoryServiceTest" time="0.004"/>
  <testcase name="testEditProductNotFound" classname="co.unicauca.openmarket.domain.service.CategoryServiceTest" time="0.001"/>
  <testcase name="testSaveCategory" classname="co.unicauca.openmarket.domain.service.CategoryServiceTest" time="0.001"/>
  <testcase name="testDeleteCategory" classname="co.unicauca.openmarket.domain.service.CategoryServiceTest" time="0.001"/>
  <testcase name="testFindCategoryByIdNotFound" classname="co.unicauca.openmarket.domain.service.CategoryServiceTest" time="0.003"/>
  <testcase name="testFindAllCategories" classname="co.unicauca.openmarket.domain.service.CategoryServiceTest" time="0.001"/>
  <testcase name="testSaveCategoryInvalidName" classname="co.unicauca.openmarket.domain.service.CategoryServiceTest" time="0.001"/>
</testsuite>